mode: set
github.com/catsi/piper/core/crypto.go:33.41,35.52 2 1
github.com/catsi/piper/core/crypto.go:35.52,37.3 1 0
github.com/catsi/piper/core/crypto.go:38.2,39.16 2 1
github.com/catsi/piper/core/crypto.go:39.16,41.3 1 0
github.com/catsi/piper/core/crypto.go:42.2,43.16 2 1
github.com/catsi/piper/core/crypto.go:48.71,51.16 3 1
github.com/catsi/piper/core/crypto.go:51.16,53.3 1 0
github.com/catsi/piper/core/crypto.go:54.2,55.20 2 1
github.com/catsi/piper/core/crypto.go:60.91,62.16 2 1
github.com/catsi/piper/core/crypto.go:62.16,64.3 1 0
github.com/catsi/piper/core/crypto.go:65.2,66.43 2 1
github.com/catsi/piper/core/crypto.go:66.43,68.3 1 0
github.com/catsi/piper/core/crypto.go:69.2,70.58 2 1
github.com/catsi/piper/core/crypto.go:75.77,77.16 2 1
github.com/catsi/piper/core/crypto.go:77.16,79.3 1 0
github.com/catsi/piper/core/crypto.go:80.2,81.16 2 1
github.com/catsi/piper/core/crypto.go:81.16,83.3 1 0
github.com/catsi/piper/core/crypto.go:84.2,85.16 2 1
github.com/catsi/piper/core/crypto.go:85.16,87.3 1 1
github.com/catsi/piper/core/crypto.go:88.2,88.24 1 1
github.com/catsi/piper/core/crypto.go:93.89,95.16 2 1
github.com/catsi/piper/core/crypto.go:95.16,97.3 1 0
github.com/catsi/piper/core/crypto.go:98.2,99.43 2 1
github.com/catsi/piper/core/crypto.go:99.43,101.3 1 0
github.com/catsi/piper/core/crypto.go:102.2,103.31 2 1
github.com/catsi/piper/core/crypto.go:107.75,109.16 2 1
github.com/catsi/piper/core/crypto.go:109.16,111.3 1 0
github.com/catsi/piper/core/crypto.go:112.2,113.16 2 1
github.com/catsi/piper/core/crypto.go:113.16,115.3 1 0
github.com/catsi/piper/core/crypto.go:116.2,116.16 1 1
github.com/catsi/piper/core/discovery.go:51.104,58.2 1 1
github.com/catsi/piper/core/discovery.go:62.54,63.41 1 1
github.com/catsi/piper/core/discovery.go:63.41,66.3 1 0
github.com/catsi/piper/core/discovery.go:67.2,67.40 1 1
github.com/catsi/piper/core/discovery.go:67.40,69.3 1 0
github.com/catsi/piper/core/discovery.go:70.2,70.12 1 1
github.com/catsi/piper/core/discovery.go:74.28,75.30 1 1
github.com/catsi/piper/core/discovery.go:75.30,77.3 1 1
github.com/catsi/piper/core/discovery.go:78.2,78.25 1 1
github.com/catsi/piper/core/discovery.go:78.25,80.3 1 1
github.com/catsi/piper/core/discovery.go:81.2,81.22 1 1
github.com/catsi/piper/core/discovery.go:81.22,83.3 1 1
github.com/catsi/piper/core/discovery.go:88.58,97.16 3 1
github.com/catsi/piper/core/discovery.go:97.16,99.3 1 0
github.com/catsi/piper/core/discovery.go:100.2,104.12 3 1
github.com/catsi/piper/core/discovery.go:107.53,109.12 2 1
github.com/catsi/piper/core/discovery.go:109.12,110.30 1 1
github.com/catsi/piper/core/discovery.go:110.30,112.35 2 1
github.com/catsi/piper/core/discovery.go:112.35,113.41 1 1
github.com/catsi/piper/core/discovery.go:113.41,115.6 1 1
github.com/catsi/piper/core/discovery.go:116.5,116.43 1 1
github.com/catsi/piper/core/discovery.go:116.43,118.6 1 1
github.com/catsi/piper/core/discovery.go:120.4,120.34 1 1
github.com/catsi/piper/core/discovery.go:120.34,121.13 1 1
github.com/catsi/piper/core/discovery.go:123.4,124.17 2 1
github.com/catsi/piper/core/discovery.go:124.17,125.13 1 0
github.com/catsi/piper/core/discovery.go:127.4,127.39 1 1
github.com/catsi/piper/core/discovery.go:131.2,132.16 2 1
github.com/catsi/piper/core/discovery.go:132.16,135.3 2 0
github.com/catsi/piper/core/discovery.go:136.2,136.6 1 1
github.com/catsi/piper/core/discovery.go:136.6,137.80 1 1
github.com/catsi/piper/core/discovery.go:137.80,139.4 1 0
github.com/catsi/piper/core/discovery.go:140.3,140.10 1 1
github.com/catsi/piper/core/discovery.go:141.21,142.10 1 1
github.com/catsi/piper/core/discovery.go:143.39,143.39 0 0
github.com/catsi/piper/core/discovery.go:149.38,150.24 1 1
github.com/catsi/piper/core/discovery.go:150.24,151.23 1 1
github.com/catsi/piper/core/discovery.go:151.23,153.4 1 1
github.com/catsi/piper/core/discovery.go:155.2,155.24 1 0
github.com/catsi/piper/core/discovery.go:155.24,156.23 1 0
github.com/catsi/piper/core/discovery.go:156.23,158.4 1 0
github.com/catsi/piper/core/discovery.go:160.2,160.12 1 0
github.com/catsi/piper/core/discovery.go:165.57,169.16 3 1
github.com/catsi/piper/core/discovery.go:169.16,172.17 2 1
github.com/catsi/piper/core/discovery.go:172.17,174.4 1 0
github.com/catsi/piper/core/discovery.go:176.2,184.12 7 1
github.com/catsi/piper/core/discovery.go:187.52,191.6 3 1
github.com/catsi/piper/core/discovery.go:191.6,194.17 3 1
github.com/catsi/piper/core/discovery.go:194.17,195.11 1 1
github.com/catsi/piper/core/discovery.go:196.22,197.11 1 1
github.com/catsi/piper/core/discovery.go:198.12,199.13 1 0
github.com/catsi/piper/core/discovery.go:202.3,203.53 2 1
github.com/catsi/piper/core/discovery.go:203.53,204.12 1 0
github.com/catsi/piper/core/discovery.go:206.3,206.27 1 1
github.com/catsi/piper/core/discovery.go:206.27,207.12 1 1
github.com/catsi/piper/core/discovery.go:209.3,216.43 3 1
github.com/catsi/piper/core/discovery.go:220.50,226.6 4 1
github.com/catsi/piper/core/discovery.go:226.6,228.10 2 1
github.com/catsi/piper/core/discovery.go:229.21,230.10 1 1
github.com/catsi/piper/core/discovery.go:231.19,231.19 0 0
github.com/catsi/piper/core/discovery.go:236.54,244.16 5 1
github.com/catsi/piper/core/discovery.go:244.16,246.3 1 0
github.com/catsi/piper/core/discovery.go:247.2,247.31 1 1
github.com/catsi/piper/core/discovery.go:247.31,248.34 1 1
github.com/catsi/piper/core/discovery.go:248.34,249.12 1 1
github.com/catsi/piper/core/discovery.go:253.3,253.79 1 1
github.com/catsi/piper/core/discovery.go:253.79,254.12 1 1
github.com/catsi/piper/core/discovery.go:256.3,257.17 2 1
github.com/catsi/piper/core/discovery.go:257.17,258.12 1 0
github.com/catsi/piper/core/discovery.go:260.3,260.27 1 1
github.com/catsi/piper/core/discovery.go:260.27,262.11 2 1
github.com/catsi/piper/core/discovery.go:262.11,263.13 1 0
github.com/catsi/piper/core/discovery.go:265.4,266.38 2 1
github.com/catsi/piper/core/discovery.go:266.38,267.13 1 1
github.com/catsi/piper/core/discovery.go:270.4,271.29 2 1
github.com/catsi/piper/core/discovery.go:271.29,273.5 1 1
github.com/catsi/piper/core/discovery.go:274.4,276.38 3 1
github.com/catsi/piper/core/group.go:13.38,15.28 2 1
github.com/catsi/piper/core/group.go:15.28,17.3 1 1
github.com/catsi/piper/core/group.go:18.2,18.12 1 1
github.com/catsi/piper/core/group.go:46.38,48.2 1 1
github.com/catsi/piper/core/group.go:51.67,61.2 5 1
github.com/catsi/piper/core/group.go:65.64,69.9 4 1
github.com/catsi/piper/core/group.go:69.9,71.3 1 1
github.com/catsi/piper/core/group.go:72.2,72.23 1 1
github.com/catsi/piper/core/group.go:72.23,74.3 1 1
github.com/catsi/piper/core/group.go:75.2,76.13 2 1
github.com/catsi/piper/core/group.go:80.62,83.37 3 1
github.com/catsi/piper/core/group.go:83.37,85.3 1 1
github.com/catsi/piper/core/group.go:89.52,93.2 3 1
github.com/catsi/piper/core/group.go:96.41,100.30 4 1
github.com/catsi/piper/core/group.go:100.30,102.3 1 1
github.com/catsi/piper/core/group.go:103.2,103.12 1 1
github.com/catsi/piper/core/group.go:107.63,111.9 4 1
github.com/catsi/piper/core/group.go:111.9,113.3 1 1
github.com/catsi/piper/core/group.go:114.2,114.26 1 1
github.com/catsi/piper/core/group.go:118.48,122.2 3 1
github.com/catsi/piper/core/message.go:99.66,108.2 1 1
github.com/catsi/piper/core/message.go:111.59,120.2 1 1
github.com/catsi/piper/core/message.go:124.85,135.2 1 1
github.com/catsi/piper/core/message.go:138.47,140.16 2 1
github.com/catsi/piper/core/message.go:140.16,142.3 1 0
github.com/catsi/piper/core/message.go:143.2,145.46 3 1
github.com/catsi/piper/core/message.go:145.46,147.3 1 0
github.com/catsi/piper/core/message.go:148.2,148.41 1 1
github.com/catsi/piper/core/message.go:148.41,150.3 1 0
github.com/catsi/piper/core/message.go:151.2,151.12 1 1
github.com/catsi/piper/core/message.go:155.44,157.53 2 1
github.com/catsi/piper/core/message.go:157.53,159.3 1 1
github.com/catsi/piper/core/message.go:160.2,161.41 2 1
github.com/catsi/piper/core/message.go:161.41,163.3 1 1
github.com/catsi/piper/core/message.go:164.2,165.47 2 1
github.com/catsi/piper/core/message.go:165.47,167.3 1 1
github.com/catsi/piper/core/message.go:168.2,169.50 2 1
github.com/catsi/piper/core/message.go:169.50,171.3 1 1
github.com/catsi/piper/core/message.go:172.2,172.17 1 1
github.com/catsi/piper/core/node.go:88.40,93.2 4 1
github.com/catsi/piper/core/node.go:97.33,99.2 1 1
github.com/catsi/piper/core/node.go:103.43,107.16 3 1
github.com/catsi/piper/core/node.go:107.16,108.50 1 0
github.com/catsi/piper/core/node.go:111.2,111.14 1 1
github.com/catsi/piper/core/node.go:111.14,113.3 1 1
github.com/catsi/piper/core/node.go:115.2,131.3 1 1
github.com/catsi/piper/core/node.go:135.37,135.54 1 1
github.com/catsi/piper/core/node.go:138.28,138.43 1 1
github.com/catsi/piper/core/node.go:141.30,141.47 1 1
github.com/catsi/piper/core/node.go:145.44,145.68 1 1
github.com/catsi/piper/core/node.go:148.38,148.58 1 1
github.com/catsi/piper/core/node.go:151.36,151.61 1 1
github.com/catsi/piper/core/node.go:154.46,154.72 1 1
github.com/catsi/piper/core/node.go:157.34,157.60 1 1
github.com/catsi/piper/core/node.go:160.44,160.71 1 1
github.com/catsi/piper/core/node.go:163.48,169.2 5 1
github.com/catsi/piper/core/node.go:172.54,174.14 2 0
github.com/catsi/piper/core/node.go:174.14,177.3 2 0
github.com/catsi/piper/core/node.go:178.2,179.17 2 0
github.com/catsi/piper/core/node.go:179.17,182.3 2 0
github.com/catsi/piper/core/node.go:183.2,199.15 6 0
github.com/catsi/piper/core/node.go:199.15,201.3 1 0
github.com/catsi/piper/core/node.go:202.2,203.114 2 0
github.com/catsi/piper/core/node.go:207.43,209.14 2 1
github.com/catsi/piper/core/node.go:209.14,211.3 1 0
github.com/catsi/piper/core/node.go:212.2,223.26 5 1
github.com/catsi/piper/core/node.go:227.48,229.14 2 0
github.com/catsi/piper/core/node.go:229.14,231.3 1 0
github.com/catsi/piper/core/node.go:234.2,246.34 3 0
github.com/catsi/piper/core/node.go:246.34,247.23 1 0
github.com/catsi/piper/core/node.go:247.23,248.12 1 0
github.com/catsi/piper/core/node.go:250.3,251.47 2 0
github.com/catsi/piper/core/node.go:251.47,252.12 1 0
github.com/catsi/piper/core/node.go:254.3,255.17 2 0
github.com/catsi/piper/core/node.go:255.17,257.12 2 0
github.com/catsi/piper/core/node.go:259.3,273.16 5 0
github.com/catsi/piper/core/node.go:273.16,275.4 1 0
github.com/catsi/piper/core/node.go:280.58,281.34 1 1
github.com/catsi/piper/core/node.go:281.34,282.23 1 1
github.com/catsi/piper/core/node.go:282.23,283.12 1 1
github.com/catsi/piper/core/node.go:285.3,288.16 4 0
github.com/catsi/piper/core/node.go:288.16,290.4 1 0
github.com/catsi/piper/core/node.go:295.45,295.67 1 1
github.com/catsi/piper/core/node.go:300.56,302.17 2 0
github.com/catsi/piper/core/node.go:302.17,304.3 1 0
github.com/catsi/piper/core/node.go:305.2,305.31 1 0
github.com/catsi/piper/core/node.go:305.31,307.3 1 0
github.com/catsi/piper/core/node.go:309.2,310.16 2 0
github.com/catsi/piper/core/node.go:310.16,312.3 1 0
github.com/catsi/piper/core/node.go:313.2,314.16 2 0
github.com/catsi/piper/core/node.go:314.16,317.3 2 0
github.com/catsi/piper/core/node.go:318.2,318.18 1 0
github.com/catsi/piper/core/node.go:318.18,321.3 2 0
github.com/catsi/piper/core/node.go:323.2,344.15 9 0
github.com/catsi/piper/core/node.go:344.15,348.3 3 0
github.com/catsi/piper/core/node.go:349.2,349.39 1 0
github.com/catsi/piper/core/node.go:349.39,353.3 3 0
github.com/catsi/piper/core/node.go:355.2,360.12 4 0
github.com/catsi/piper/core/node.go:366.78,368.14 2 0
github.com/catsi/piper/core/node.go:368.14,370.3 1 0
github.com/catsi/piper/core/node.go:373.2,374.16 2 0
github.com/catsi/piper/core/node.go:374.16,376.3 1 0
github.com/catsi/piper/core/node.go:377.2,377.18 1 0
github.com/catsi/piper/core/node.go:377.18,379.3 1 0
github.com/catsi/piper/core/node.go:381.2,382.34 2 0
github.com/catsi/piper/core/node.go:382.34,383.23 1 0
github.com/catsi/piper/core/node.go:383.23,384.12 1 0
github.com/catsi/piper/core/node.go:386.3,387.47 2 0
github.com/catsi/piper/core/node.go:387.47,388.12 1 0
github.com/catsi/piper/core/node.go:391.3,392.17 2 0
github.com/catsi/piper/core/node.go:392.17,393.23 1 0
github.com/catsi/piper/core/node.go:393.23,395.5 1 0
github.com/catsi/piper/core/node.go:396.4,396.12 1 0
github.com/catsi/piper/core/node.go:399.3,420.16 10 0
github.com/catsi/piper/core/node.go:420.16,423.12 3 0
github.com/catsi/piper/core/node.go:425.3,425.40 1 0
github.com/catsi/piper/core/node.go:425.40,428.12 3 0
github.com/catsi/piper/core/node.go:431.3,435.9 4 0
github.com/catsi/piper/core/node.go:438.2,438.34 1 0
github.com/catsi/piper/core/node.go:438.34,440.3 1 0
github.com/catsi/piper/core/node.go:441.2,441.15 1 0
github.com/catsi/piper/core/node.go:441.15,443.3 1 0
github.com/catsi/piper/core/node.go:444.2,444.18 1 0
github.com/catsi/piper/core/node.go:450.70,452.9 1 0
github.com/catsi/piper/core/node.go:453.20,453.20 0 0
github.com/catsi/piper/core/node.go:455.38,459.9 4 0
github.com/catsi/piper/core/node.go:460.22,462.9 2 0
github.com/catsi/piper/core/node.go:465.2,470.6 5 0
github.com/catsi/piper/core/node.go:470.6,472.13 2 0
github.com/catsi/piper/core/node.go:472.13,477.18 4 0
github.com/catsi/piper/core/node.go:477.18,481.5 3 0
github.com/catsi/piper/core/node.go:483.4,495.39 2 0
github.com/catsi/piper/core/node.go:495.39,499.5 3 0
github.com/catsi/piper/core/node.go:501.4,503.80 3 0
github.com/catsi/piper/core/node.go:505.3,505.24 1 0
github.com/catsi/piper/core/node.go:505.24,506.9 1 0
github.com/catsi/piper/core/node.go:508.3,508.21 1 0
github.com/catsi/piper/core/node.go:508.21,512.4 3 0
github.com/catsi/piper/core/node.go:516.2,527.38 3 0
github.com/catsi/piper/core/node.go:527.38,531.3 3 0
github.com/catsi/piper/core/node.go:533.2,535.79 3 0
github.com/catsi/piper/core/node.go:539.30,541.16 2 1
github.com/catsi/piper/core/node.go:541.16,543.3 1 0
github.com/catsi/piper/core/node.go:544.2,552.49 7 1
github.com/catsi/piper/core/node.go:552.49,554.3 1 0
github.com/catsi/piper/core/node.go:555.2,555.12 1 1
github.com/catsi/piper/core/node.go:559.27,562.6 3 1
github.com/catsi/piper/core/node.go:562.6,563.10 1 1
github.com/catsi/piper/core/node.go:564.23,565.10 1 1
github.com/catsi/piper/core/node.go:566.19,570.34 3 0
github.com/catsi/piper/core/node.go:570.34,571.25 1 0
github.com/catsi/piper/core/node.go:571.25,573.6 1 0
github.com/catsi/piper/core/node.go:575.4,579.37 4 0
github.com/catsi/piper/core/node.go:579.37,581.5 1 0
github.com/catsi/piper/core/node.go:582.4,584.28 3 0
github.com/catsi/piper/core/node.go:584.28,585.40 1 0
github.com/catsi/piper/core/node.go:585.40,588.6 2 0
github.com/catsi/piper/core/node.go:595.23,597.24 2 1
github.com/catsi/piper/core/node.go:597.24,599.3 1 1
github.com/catsi/piper/core/node.go:600.2,600.23 1 1
github.com/catsi/piper/core/node.go:600.23,602.3 1 1
github.com/catsi/piper/core/node.go:603.2,604.35 2 1
github.com/catsi/piper/core/node.go:604.35,606.3 1 1
github.com/catsi/piper/core/node.go:607.2,607.15 1 1
github.com/catsi/piper/core/node.go:613.51,614.20 1 1
github.com/catsi/piper/core/node.go:614.20,619.3 4 1
github.com/catsi/piper/core/node.go:619.8,621.3 1 1
github.com/catsi/piper/core/node.go:627.75,628.29 1 0
github.com/catsi/piper/core/node.go:630.51,630.51 0 0
github.com/catsi/piper/core/node.go:631.10,632.67 1 0
github.com/catsi/piper/core/node.go:635.2,636.17 2 0
github.com/catsi/piper/core/node.go:636.17,638.3 1 0
github.com/catsi/piper/core/node.go:639.2,639.31 1 0
github.com/catsi/piper/core/node.go:639.31,641.3 1 0
github.com/catsi/piper/core/node.go:643.2,644.16 2 0
github.com/catsi/piper/core/node.go:644.16,646.3 1 0
github.com/catsi/piper/core/node.go:648.2,661.58 4 0
github.com/catsi/piper/core/node.go:661.58,662.31 1 0
github.com/catsi/piper/core/node.go:662.31,664.4 1 0
github.com/catsi/piper/core/node.go:666.3,671.16 5 0
github.com/catsi/piper/core/node.go:671.16,675.12 3 0
github.com/catsi/piper/core/node.go:677.3,677.42 1 0
github.com/catsi/piper/core/node.go:677.42,681.12 3 0
github.com/catsi/piper/core/node.go:683.3,685.13 2 0
github.com/catsi/piper/core/node.go:687.2,687.79 1 0
github.com/catsi/piper/core/node.go:691.50,693.17 2 1
github.com/catsi/piper/core/node.go:693.17,696.3 2 0
github.com/catsi/piper/core/node.go:697.2,697.31 1 1
github.com/catsi/piper/core/node.go:697.31,700.3 2 0
github.com/catsi/piper/core/node.go:702.2,703.16 2 1
github.com/catsi/piper/core/node.go:703.16,706.3 2 0
github.com/catsi/piper/core/node.go:708.2,726.15 7 1
github.com/catsi/piper/core/node.go:726.15,730.3 3 0
github.com/catsi/piper/core/node.go:731.2,731.41 1 1
github.com/catsi/piper/core/node.go:731.41,734.3 2 0
github.com/catsi/piper/core/node.go:739.29,740.6 1 1
github.com/catsi/piper/core/node.go:740.6,742.17 2 1
github.com/catsi/piper/core/node.go:742.17,743.11 1 1
github.com/catsi/piper/core/node.go:744.24,745.11 1 1
github.com/catsi/piper/core/node.go:746.12,748.13 2 0
github.com/catsi/piper/core/node.go:751.3,751.25 1 1
github.com/catsi/piper/core/node.go:757.45,763.46 5 1
github.com/catsi/piper/core/node.go:763.46,767.3 3 0
github.com/catsi/piper/core/node.go:768.2,771.84 2 1
github.com/catsi/piper/core/node.go:771.84,775.3 3 0
github.com/catsi/piper/core/node.go:777.2,778.16 2 1
github.com/catsi/piper/core/node.go:783.69,785.49 2 1
github.com/catsi/piper/core/node.go:785.49,788.3 2 1
github.com/catsi/piper/core/node.go:789.2,794.16 5 1
github.com/catsi/piper/core/node.go:794.16,797.3 2 0
github.com/catsi/piper/core/node.go:798.2,801.84 2 1
github.com/catsi/piper/core/node.go:801.84,805.3 3 0
github.com/catsi/piper/core/node.go:808.2,811.46 4 1
github.com/catsi/piper/core/node.go:811.46,815.3 3 0
github.com/catsi/piper/core/node.go:816.2,819.16 3 1
github.com/catsi/piper/core/node.go:824.92,826.52 2 1
github.com/catsi/piper/core/node.go:826.52,830.3 3 1
github.com/catsi/piper/core/node.go:831.2,839.28 6 1
github.com/catsi/piper/core/node.go:839.28,842.17 3 1
github.com/catsi/piper/core/node.go:842.17,844.4 1 0
github.com/catsi/piper/core/node.go:844.9,847.4 2 1
github.com/catsi/piper/core/node.go:848.8,850.3 1 0
github.com/catsi/piper/core/node.go:852.2,855.27 2 1
github.com/catsi/piper/core/node.go:860.35,861.15 1 1
github.com/catsi/piper/core/node.go:861.15,864.3 2 1
github.com/catsi/piper/core/node.go:866.2,866.6 1 1
github.com/catsi/piper/core/node.go:866.6,869.17 3 1
github.com/catsi/piper/core/node.go:869.17,870.53 1 1
github.com/catsi/piper/core/node.go:870.53,872.5 1 1
github.com/catsi/piper/core/node.go:873.4,873.10 1 1
github.com/catsi/piper/core/node.go:875.3,877.19 2 1
github.com/catsi/piper/core/node.go:878.20,881.27 1 1
github.com/catsi/piper/core/node.go:881.27,882.13 1 0
github.com/catsi/piper/core/node.go:884.4,888.31 3 1
github.com/catsi/piper/core/node.go:890.22,891.22 1 1
github.com/catsi/piper/core/node.go:891.22,893.13 1 0
github.com/catsi/piper/core/node.go:895.4,896.48 2 1
github.com/catsi/piper/core/node.go:896.48,898.13 2 0
github.com/catsi/piper/core/node.go:900.4,901.18 2 1
github.com/catsi/piper/core/node.go:901.18,903.13 2 0
github.com/catsi/piper/core/node.go:905.4,907.28 3 1
github.com/catsi/piper/core/node.go:909.27,910.32 1 0
github.com/catsi/piper/core/node.go:912.25,913.26 1 0
github.com/catsi/piper/core/node.go:915.26,916.27 1 0
github.com/catsi/piper/core/node.go:918.25,919.26 1 0
github.com/catsi/piper/core/node.go:921.25,922.30 1 0
github.com/catsi/piper/core/node.go:924.26,925.27 1 0
github.com/catsi/piper/core/node.go:927.25,928.26 1 0
github.com/catsi/piper/core/node.go:930.24,931.25 1 0
github.com/catsi/piper/core/node.go:934.52,935.22 1 0
github.com/catsi/piper/core/node.go:935.22,936.13 1 0
github.com/catsi/piper/core/node.go:938.4,939.48 2 0
github.com/catsi/piper/core/node.go:939.48,941.13 2 0
github.com/catsi/piper/core/node.go:943.4,944.18 2 0
github.com/catsi/piper/core/node.go:944.18,946.13 2 0
github.com/catsi/piper/core/node.go:948.4,949.28 2 0
github.com/catsi/piper/core/node.go:951.21,952.22 1 0
github.com/catsi/piper/core/node.go:954.28,955.29 1 0
github.com/catsi/piper/core/node.go:957.20,958.76 1 0
github.com/catsi/piper/core/node.go:960.20,960.20 0 0
github.com/catsi/piper/core/node.go:964.21,965.10 1 0
github.com/catsi/piper/core/node.go:972.57,975.14 2 0
github.com/catsi/piper/core/node.go:975.14,977.3 1 0
github.com/catsi/piper/core/node.go:979.2,979.34 1 0
github.com/catsi/piper/core/node.go:979.34,981.3 1 0
github.com/catsi/piper/core/node.go:982.2,997.65 5 0
github.com/catsi/piper/core/node.go:1000.45,1001.50 1 0
github.com/catsi/piper/core/node.go:1001.50,1003.3 1 0
github.com/catsi/piper/core/node.go:1004.2,1006.44 3 0
github.com/catsi/piper/core/node.go:1006.44,1008.3 1 0
github.com/catsi/piper/core/node.go:1009.2,1010.110 2 0
github.com/catsi/piper/core/node.go:1013.46,1015.14 2 0
github.com/catsi/piper/core/node.go:1015.14,1017.3 1 0
github.com/catsi/piper/core/node.go:1018.2,1020.44 3 0
github.com/catsi/piper/core/node.go:1020.44,1022.3 1 0
github.com/catsi/piper/core/node.go:1023.2,1024.108 2 0
github.com/catsi/piper/core/node.go:1027.45,1028.20 1 0
github.com/catsi/piper/core/node.go:1028.20,1030.3 1 0
github.com/catsi/piper/core/node.go:1031.2,1032.46 2 0
github.com/catsi/piper/core/node.go:1032.46,1035.3 2 0
github.com/catsi/piper/core/node.go:1036.2,1037.16 2 0
github.com/catsi/piper/core/node.go:1037.16,1040.3 2 0
github.com/catsi/piper/core/node.go:1041.2,1042.26 2 0
github.com/catsi/piper/core/node.go:1047.55,1049.46 2 0
github.com/catsi/piper/core/node.go:1049.46,1052.3 2 0
github.com/catsi/piper/core/node.go:1055.2,1056.17 2 0
github.com/catsi/piper/core/node.go:1056.17,1058.3 1 0
github.com/catsi/piper/core/node.go:1059.2,1059.50 1 0
github.com/catsi/piper/core/node.go:1059.50,1062.3 2 0
github.com/catsi/piper/core/node.go:1064.2,1066.16 3 0
github.com/catsi/piper/core/node.go:1066.16,1069.3 2 0
github.com/catsi/piper/core/node.go:1071.2,1088.17 7 0
github.com/catsi/piper/core/node.go:1091.46,1093.28 2 0
github.com/catsi/piper/core/node.go:1093.28,1095.3 1 0
github.com/catsi/piper/core/node.go:1096.2,1099.19 3 0
github.com/catsi/piper/core/node.go:1102.45,1104.37 2 0
github.com/catsi/piper/core/node.go:1104.37,1106.3 1 0
github.com/catsi/piper/core/node.go:1107.2,1108.46 2 0
github.com/catsi/piper/core/node.go:1108.46,1110.3 1 0
github.com/catsi/piper/core/node.go:1112.2,1113.16 2 0
github.com/catsi/piper/core/node.go:1113.16,1118.3 4 0
github.com/catsi/piper/core/node.go:1120.2,1120.19 1 0
github.com/catsi/piper/core/node.go:1120.19,1121.52 1 0
github.com/catsi/piper/core/node.go:1121.52,1126.4 4 0
github.com/catsi/piper/core/node.go:1128.2,1130.78 3 0
github.com/catsi/piper/core/node.go:1133.44,1135.37 2 0
github.com/catsi/piper/core/node.go:1135.37,1137.3 1 0
github.com/catsi/piper/core/node.go:1140.2,1141.47 2 0
github.com/catsi/piper/core/node.go:1141.47,1147.3 5 0
github.com/catsi/piper/core/node.go:1149.2,1151.79 3 0
github.com/catsi/piper/core/node.go:1158.52,1161.22 3 1
github.com/catsi/piper/core/node.go:1161.22,1165.3 2 1
github.com/catsi/piper/core/node.go:1166.2,1169.46 4 1
github.com/catsi/piper/core/node.go:1169.46,1171.3 1 1
github.com/catsi/piper/core/node.go:1175.54,1178.36 3 1
github.com/catsi/piper/core/node.go:1178.36,1179.19 1 1
github.com/catsi/piper/core/node.go:1179.19,1181.4 1 1
github.com/catsi/piper/core/node.go:1183.2,1184.26 2 1
github.com/catsi/piper/core/node.go:1184.26,1185.37 1 1
github.com/catsi/piper/core/node.go:1185.37,1187.4 1 0
github.com/catsi/piper/core/node.go:1191.30,1192.9 1 1
github.com/catsi/piper/core/node.go:1193.22,1193.22 0 1
github.com/catsi/piper/core/node.go:1194.10,1194.10 0 0
github.com/catsi/piper/core/node.go:1199.73,1200.20 1 1
github.com/catsi/piper/core/node.go:1200.20,1202.3 1 0
github.com/catsi/piper/core/node.go:1203.2,1206.41 4 1
github.com/catsi/piper/core/node.go:1211.57,1213.32 2 1
github.com/catsi/piper/core/node.go:1213.32,1215.3 1 1
github.com/catsi/piper/core/node.go:1216.2,1217.66 2 0
github.com/catsi/piper/core/node.go:1220.61,1222.63 2 1
github.com/catsi/piper/core/node.go:1222.63,1224.3 1 1
github.com/catsi/piper/core/node.go:1225.2,1226.33 2 1
github.com/catsi/piper/core/node.go:1227.15,1228.15 1 1
github.com/catsi/piper/core/node.go:1229.11,1230.10 1 0
github.com/catsi/piper/core/node.go:1232.2,1232.20 1 1
github.com/catsi/piper/core/node.go:1235.84,1236.15 1 0
github.com/catsi/piper/core/node.go:1236.15,1239.3 2 0
github.com/catsi/piper/core/node.go:1240.2,1243.22 4 0
github.com/catsi/piper/core/node.go:1246.42,1250.41 4 0
github.com/catsi/piper/core/node.go:1250.41,1252.3 1 0
github.com/catsi/piper/core/node.go:1253.2,1254.56 2 0
github.com/catsi/piper/core/node.go:1254.56,1256.3 1 0
github.com/catsi/piper/core/node.go:1257.2,1257.49 1 0
github.com/catsi/piper/core/node.go:1264.43,1267.35 3 1
github.com/catsi/piper/core/node.go:1267.35,1268.54 1 1
github.com/catsi/piper/core/node.go:1268.54,1269.12 1 1
github.com/catsi/piper/core/node.go:1271.3,1272.53 2 0
github.com/catsi/piper/core/node.go:1272.53,1274.4 1 0
github.com/catsi/piper/core/node.go:1275.3,1280.5 1 0
github.com/catsi/piper/core/node.go:1282.2,1284.23 2 1
github.com/catsi/piper/core/node.go:1284.23,1286.3 1 1
github.com/catsi/piper/core/node.go:1288.2,1296.37 2 0
github.com/catsi/piper/core/node.go:1296.37,1298.3 1 0
github.com/catsi/piper/core/node.go:1298.8,1300.3 1 0
github.com/catsi/piper/core/node.go:1305.48,1307.38 2 0
github.com/catsi/piper/core/node.go:1307.38,1308.37 1 0
github.com/catsi/piper/core/node.go:1308.37,1309.12 1 0
github.com/catsi/piper/core/node.go:1313.3,1314.47 2 0
github.com/catsi/piper/core/node.go:1314.47,1316.4 1 0
github.com/catsi/piper/core/node.go:1317.3,1320.33 3 0
github.com/catsi/piper/core/node.go:1320.33,1321.12 1 0
github.com/catsi/piper/core/node.go:1324.3,1324.49 1 0
github.com/catsi/piper/core/node.go:1331.50,1332.30 1 1
github.com/catsi/piper/core/node.go:1332.30,1333.37 1 1
github.com/catsi/piper/core/node.go:1333.37,1334.12 1 0
github.com/catsi/piper/core/node.go:1336.3,1337.33 2 1
github.com/catsi/piper/core/node.go:1337.33,1338.12 1 0
github.com/catsi/piper/core/node.go:1340.3,1340.49 1 1
github.com/catsi/piper/core/node.go:1346.43,1353.2 1 1
github.com/catsi/piper/core/node.go:1357.29,1359.16 2 1
github.com/catsi/piper/core/node.go:1359.16,1361.3 1 0
github.com/catsi/piper/core/node.go:1362.2,1362.31 1 1
github.com/catsi/piper/core/node.go:1362.31,1363.71 1 1
github.com/catsi/piper/core/node.go:1363.71,1364.12 1 0
github.com/catsi/piper/core/node.go:1366.3,1367.17 2 1
github.com/catsi/piper/core/node.go:1367.17,1368.12 1 0
github.com/catsi/piper/core/node.go:1370.3,1370.30 1 1
github.com/catsi/piper/core/node.go:1370.30,1372.11 2 1
github.com/catsi/piper/core/node.go:1372.11,1373.13 1 0
github.com/catsi/piper/core/node.go:1375.4,1375.62 1 1
github.com/catsi/piper/core/node.go:1375.62,1377.5 1 1
github.com/catsi/piper/core/node.go:1380.2,1380.11 1 0
github.com/catsi/piper/core/node.go:1387.41,1391.35 4 1
github.com/catsi/piper/core/node.go:1391.35,1392.35 1 0
github.com/catsi/piper/core/node.go:1392.35,1393.12 1 0
github.com/catsi/piper/core/node.go:1395.3,1396.53 2 0
github.com/catsi/piper/core/node.go:1396.53,1398.4 1 0
github.com/catsi/piper/core/node.go:1399.3,1404.5 1 0
github.com/catsi/piper/core/node.go:1406.2,1406.12 1 1
github.com/catsi/piper/core/node.go:1414.44,1417.44 3 1
github.com/catsi/piper/core/node.go:1417.44,1419.3 1 1
github.com/catsi/piper/core/node.go:1420.2,1421.13 2 1
github.com/catsi/piper/core/node.go:1429.61,1435.37 5 0
github.com/catsi/piper/core/node.go:1435.37,1439.3 2 0
github.com/catsi/piper/core/node.go:1441.2,1442.16 2 0
github.com/catsi/piper/core/node.go:1442.16,1445.3 2 0
github.com/catsi/piper/core/node.go:1447.2,1455.39 2 0
github.com/catsi/piper/core/node.go:1455.39,1457.3 1 0
github.com/catsi/piper/core/node.go:1457.8,1459.3 1 0
github.com/catsi/piper/core/node.go:1466.41,1467.28 1 0
github.com/catsi/piper/core/node.go:1467.28,1469.3 1 0
github.com/catsi/piper/core/node.go:1471.2,1471.20 1 0
github.com/catsi/piper/core/node.go:1471.20,1474.74 2 0
github.com/catsi/piper/core/node.go:1474.74,1477.4 2 0
github.com/catsi/piper/core/node.go:1478.3,1483.9 3 0
github.com/catsi/piper/core/node.go:1487.2,1490.15 4 0
github.com/catsi/piper/core/node.go:1490.15,1493.3 2 0
github.com/catsi/piper/core/node.go:1494.2,1494.37 1 0
github.com/catsi/piper/core/node.go:1494.37,1496.3 1 0
github.com/catsi/piper/core/node.go:1501.45,1502.18 1 0
github.com/catsi/piper/core/node.go:1503.19,1504.26 1 0
github.com/catsi/piper/core/node.go:1504.26,1506.4 1 0
github.com/catsi/piper/core/node.go:1507.3,1508.27 2 0
github.com/catsi/piper/core/node.go:1511.21,1512.21 1 0
github.com/catsi/piper/core/node.go:1512.21,1514.4 1 0
github.com/catsi/piper/core/node.go:1515.3,1516.47 2 0
github.com/catsi/piper/core/node.go:1516.47,1519.4 2 0
github.com/catsi/piper/core/node.go:1520.3,1521.17 2 0
github.com/catsi/piper/core/node.go:1521.17,1524.4 2 0
github.com/catsi/piper/core/node.go:1525.3,1527.27 3 0
github.com/catsi/piper/core/node.go:1529.24,1530.25 1 0
github.com/catsi/piper/core/node.go:1532.10,1533.86 1 0
github.com/catsi/piper/core/node.go:1538.35,1539.24 1 1
github.com/catsi/piper/core/node.go:1539.24,1540.13 1 1
github.com/catsi/piper/core/node.go:1540.13,1542.4 1 1
github.com/catsi/piper/core/node.go:1544.2,1544.13 1 1
github.com/catsi/piper/core/peer.go:53.36,55.2 1 1
github.com/catsi/piper/core/peer.go:59.98,63.38 3 1
github.com/catsi/piper/core/peer.go:63.38,64.28 1 1
github.com/catsi/piper/core/peer.go:64.28,67.4 2 1
github.com/catsi/piper/core/peer.go:68.3,71.25 4 1
github.com/catsi/piper/core/peer.go:74.2,84.16 4 1
github.com/catsi/piper/core/peer.go:90.73,92.30 2 1
github.com/catsi/piper/core/peer.go:92.30,93.22 1 1
github.com/catsi/piper/core/peer.go:93.22,95.4 1 1
github.com/catsi/piper/core/peer.go:97.2,97.18 1 1
github.com/catsi/piper/core/peer.go:97.18,99.3 1 1
github.com/catsi/piper/core/peer.go:100.2,100.20 1 1
github.com/catsi/piper/core/peer.go:100.20,102.24 2 1
github.com/catsi/piper/core/peer.go:102.24,104.4 1 1
github.com/catsi/piper/core/peer.go:109.62,112.31 3 1
github.com/catsi/piper/core/peer.go:112.31,114.3 1 1
github.com/catsi/piper/core/peer.go:118.57,121.31 3 1
github.com/catsi/piper/core/peer.go:121.31,123.3 1 1
github.com/catsi/piper/core/peer.go:127.61,130.31 3 1
github.com/catsi/piper/core/peer.go:130.31,133.3 2 1
github.com/catsi/piper/core/peer.go:137.49,141.2 3 1
github.com/catsi/piper/core/peer.go:144.43,148.29 4 1
github.com/catsi/piper/core/peer.go:148.29,150.3 1 1
github.com/catsi/piper/core/peer.go:151.2,151.12 1 1
github.com/catsi/piper/core/peer.go:155.42,159.2 3 1
github.com/catsi/piper/core/transfer.go:61.44,63.2 1 1
github.com/catsi/piper/core/transfer.go:66.103,77.13 4 1
github.com/catsi/piper/core/transfer.go:77.13,79.3 1 1
github.com/catsi/piper/core/transfer.go:80.2,81.10 2 1
github.com/catsi/piper/core/transfer.go:85.53,89.2 3 1
github.com/catsi/piper/core/transfer.go:92.70,95.35 3 1
github.com/catsi/piper/core/transfer.go:95.35,97.3 1 1
github.com/catsi/piper/core/transfer.go:101.48,104.35 3 1
github.com/catsi/piper/core/transfer.go:104.35,107.20 3 1
github.com/catsi/piper/core/transfer.go:107.20,110.4 2 0
github.com/catsi/piper/core/transfer.go:115.52,118.35 3 1
github.com/catsi/piper/core/transfer.go:118.35,121.20 3 1
github.com/catsi/piper/core/transfer.go:121.20,124.4 2 0
github.com/catsi/piper/core/transfer.go:129.46,132.35 3 1
github.com/catsi/piper/core/transfer.go:132.35,133.20 1 1
github.com/catsi/piper/core/transfer.go:133.20,135.4 1 0
github.com/catsi/piper/core/transfer.go:136.3,136.27 1 1
github.com/catsi/piper/core/transfer.go:141.47,145.33 4 1
github.com/catsi/piper/core/transfer.go:145.33,147.3 1 1
github.com/catsi/piper/core/transfer.go:148.2,148.12 1 1
